20240730	00:02:26	06d154be-8f2c-4898-bc45-8557b5fa3be6	GET	/	undefined
20240730	00:02:26	6fd4ca0b-5cb5-46ee-99b8-37894c361c4f	GET	/css/style.css	undefined
20240731	23:31:54	ff072386-67ea-4d3b-8b01-37137afff39d	GET	/	undefined
20240731	23:31:54	e0b0b201-9f20-4e92-a10c-8e084b2d1dd8	GET	/css/style.css	undefined
20240731	23:32:30	707c1f16-0523-463a-907e-0935c1af5d27	GET	/	undefined
20240731	23:32:30	f49b2280-bfcd-4049-8df9-a5498f1460a6	GET	/css/style.css	undefined
20240801	21:25:45	87a98e71-5ab7-4b38-97f8-80a6ebd8316b	GET	/	undefined
20240801	21:25:45	9b8e801f-1d4e-415e-b34d-6930669b640e	GET	/css/style.css	undefined
20240801	21:25:51	2acd6a81-9c27-4b46-b38a-a0009929d23b	GET	/favicon.ico	undefined
20240801	21:42:54	2a10b2af-15f9-4ac8-b251-09bc19c368c7	GET	/	undefined
20240801	21:42:54	ad539d4b-b3a6-4b16-9b9b-60ad1018a0c2	GET	/css/style.css	undefined
20240801	21:55:15	0b630ecc-de59-4998-8633-6331ec8e3bb4	GET	/	undefined
20240801	21:55:15	4af43fcf-50d2-46cc-a326-8079985f5c68	GET	/css/style.css	undefined
20240801	22:37:10	4a9d6e4e-fd80-440b-adf3-b4b8ad7d5aef	GET	/	undefined
20240801	22:37:10	c81aa584-1756-494a-8906-3d164679f04b	GET	/css/style.css	undefined
20240801	22:37:25	aa2b16f0-9064-4f26-8071-6ff22e99ed98	GET	/favicon.ico	undefined
20240801	22:38:31	c521fa9b-67c2-47c8-9eed-ce33d8693317	GET	/	undefined
20240801	22:38:31	b2bea8d7-3bbd-434b-a83a-724568046da8	GET	/css/style.css	undefined
20240801	22:38:32	6913274c-3e33-41d8-9f5e-3ae9e7e9f08f	GET	/	undefined
20240801	22:38:32	0e3f9153-05a9-43d3-84ad-1283858ef7ad	GET	/css/style.css	undefined
20240801	22:38:32	4f278276-c48c-4db5-972c-437a2a7004c5	GET	/	undefined
20240801	22:38:32	309cb05b-5508-4325-97a8-b114ae400df1	GET	/css/style.css	undefined
20240801	22:38:33	02745b5d-24c3-4f90-9a8f-a1349e38b3a7	GET	/	undefined
20240801	22:38:33	e11439bc-1eb8-4679-9984-cd159acf8b7d	GET	/css/style.css	undefined
20240801	22:38:38	5778a7fd-cd14-409e-9a54-3cb949073b85	GET	/	undefined
20240801	22:38:38	250738c2-b203-494b-8076-396604f0315a	GET	/css/style.css	undefined
20240801	22:40:02	34110096-2de8-4e27-88d6-4df503827148	GET	/dev	undefined
20240801	22:40:02	86d80899-d568-414d-853a-b43ef7bf48b5	GET	/css/style.css	undefined
20240801	22:42:21	d3803cb4-a91d-4b38-9ea8-828605ce5fb5	GET	/	undefined
20240801	22:42:21	f7a1f7b7-6b68-4f50-a69d-d74f20170f7d	GET	/css/style.css	undefined
20240801	22:43:58	ae5af543-bcd7-4ebd-837c-761c3095e5da	GET	/	undefined
20240801	22:43:58	98a73154-7ac8-454e-a707-65b35a889283	GET	/css/style.css	undefined
20240802	22:50:16	8f6fe678-a83b-41fd-acba-eeaa67cf34f6	GET	/	undefined
20240802	22:50:16	b604eb7b-8a83-4883-a997-bd62bf8d0bb7	GET	/css/style.css	undefined
20240802	22:50:18	ee1b336b-b690-447e-83df-6f258f076103	GET	/favicon.ico	undefined
20240802	23:14:38	a238e628-473f-4dcc-a1aa-bea3b6365187	GET	/	undefined
20240802	23:14:38	b7e96694-03ca-44cf-a129-4bd9fb7c9087	GET	/css/style.css	undefined
20240802	23:14:39	3296d276-167a-4a3e-a672-544d5cfc13c0	GET	/favicon.ico	undefined
20240919	21:46:52	b76681e6-25ab-4838-955f-35aceabe7028	GET	/	undefined
20240919	21:46:52	3935d848-474d-4ac1-8cc0-be78100a95dc	GET	/css/style.css	undefined
20240919	21:46:54	3019a084-750a-44fb-b73b-1fc0054c0b0d	GET	/favicon.ico	undefined
20240919	22:24:44	174d39dd-dc8a-4451-b956-0abf68ffe7a4	GET	/	undefined
20240919	22:24:44	6549b3a6-c4ed-44c4-852f-6f580009d28d	GET	/css/style.css	undefined
20240920	22:24:27	896471ff-58ea-4f0a-b0f1-d1fa5148d0ec	GET	/	undefined
20240920	22:24:27	6d66cf77-9977-43e8-8354-f7e31e348512	GET	/css/style.css	undefined
20240920	22:24:36	9589b07f-c7da-47f4-b1b3-e11480e158c2	GET	/favicon.ico	undefined
20240920	22:36:09	cfb3c824-1043-47de-bc6a-fd4cd6cdbca1	GET	//getAllUsers	undefined
20240920	22:36:27	7f73e313-c76c-415f-9a14-6aa1bb960e87	GET	/getAllUsers	undefined
20240920	22:36:28	4fb51fc9-1557-4c1b-9803-5546354a6fb2	GET	/getAllUsers	undefined
20240920	22:37:08	51add697-c2e4-484c-968b-eb850cd2363c	GET	/Users	undefined
20240920	22:37:25	76a467a3-915d-4e5c-bf58-6d57a68fc185	GET	/users	undefined
20240920	22:38:27	61ebf1a7-3828-45b2-8126-5917a0561e61	GET	/users	undefined
20240920	22:38:30	d54e4c40-5781-41ff-b5ea-e5437e34d891	GET	/users	undefined
20240920	22:39:36	a0f0113d-a82a-4b5e-98fd-a5dab67474d6	GET	/users	undefined
20240920	22:42:02	af815624-65b3-45f5-b6bc-fcca08e51b73	GET	/users	undefined
20240920	22:57:52	4fa23827-88e2-47ec-a3a8-468f92e0b675	POST	/users	undefined
20240921	20:38:37	9d328564-7b32-406b-a80b-2886ec5b7229	GET	/	undefined
20240921	20:38:37	2d6d3389-55c3-4feb-9875-f524cc97d1c3	GET	/css/style.css	undefined
20240921	20:38:39	a8a530af-a9ab-4e78-80cb-9d0adc963267	GET	/favicon.ico	undefined
20240921	20:49:46	5e9fa329-41f2-4968-b013-466b65de7739	GET	/users	undefined
20240921	20:50:17	6b1f5aca-8855-4304-b257-f99bd76aebd3	POST	/users	undefined
20240921	20:50:39	0b07b796-424d-4670-98de-a1c7fb6fe451	POST	/users	undefined
20240921	20:52:28	729a0fc7-54b8-4004-a383-29ee267dce1e	GET	/users	undefined
20240921	20:53:44	fcd9208c-8a7f-4c06-aeda-b00c618ee7f0	POST	/users	undefined
20240921	20:54:02	8df0e1b3-1f12-44ca-a205-b023deda7d33	POST	/users	undefined
20240921	20:54:08	ec762c8e-580c-47c7-a1a9-de5f53f7d897	POST	/users	undefined
20240921	20:54:22	c8ce8a4e-6adf-49fc-9feb-1b829f95f62c	POST	/users	undefined
20240921	20:56:23	afc610a9-638b-4ccf-aee1-8d39ad3657f1	POST	/users	undefined
20240921	20:56:49	60ff1656-b313-443d-9177-cb1877e7139f	GET	/users	undefined
20240921	20:57:24	c0e5f302-9af2-4938-a4c2-e89326572111	PATCH	/users	undefined
20240921	20:57:34	4a29fbcf-f9ab-44e1-a785-1e6aaabea438	PATCH	/users	undefined
20240921	20:58:05	d40aeab1-a32f-4705-9baa-4f1ed4586df4	PATCH	/users	undefined
20240921	20:58:28	a8663cf1-8e6d-427d-abde-7730350c14c8	PATCH	/users	undefined
20240921	21:00:02	5bd7e8d7-ca99-46d4-9eb4-522988932247	PATCH	/users	undefined
20240921	21:00:57	35886a0b-443c-4146-888a-8083a0cc4a2e	PATCH	/users	undefined
20240921	21:01:44	f95a7efb-967f-4e57-9d35-5eb39c4656f4	PATCH	/users	undefined
20240921	21:02:07	5e97f886-e551-46bf-8f81-08573287973b	PATCH	/users	undefined
20240921	21:02:08	fa56d9fb-7a40-4104-a446-41a7d7c3db52	PATCH	/users	undefined
20240921	21:02:50	d86c2953-6822-4580-bab6-2e5cb6700ce7	PATCH	/users	undefined
20240921	21:07:15	a3569037-e52e-489d-ad87-c20920ba6aff	DELETE	/users	undefined
20240921	21:07:38	037ed665-9890-461a-bab2-079861fdd210	DELETE	/users	undefined
20240921	21:07:46	95d6a6c2-95c5-4ee3-a127-1780a9cfc6c5	DELETE	/users	undefined
20240921	21:09:28	37f3759c-40d9-4e05-ad11-99e5ad2e1968	DELETE	/users	undefined
20240921	21:09:30	b87c970e-df3a-49eb-a952-d694a1bd9d71	DELETE	/users	undefined
20240921	21:09:39	725004e8-d07f-4968-8a7f-7b63f01828ee	POST	/users	undefined
20240921	21:09:44	58854df5-9ac9-4120-b81d-5e503e5c1a41	GET	/users	undefined
20240921	21:10:04	bf03ddd5-9766-4462-bd51-05bbe311159b	DELETE	/users	undefined
20240921	21:10:10	a20dde23-f16e-43a3-87c7-745640f69423	DELETE	/users	undefined
20240921	21:11:12	1be4646d-73b5-4270-90fb-9f4c8f8e6e0a	DELETE	/users	undefined
20240921	21:11:18	3f0107cc-1c45-40c2-9307-9ff0e3cb7022	GET	/users	undefined
20240921	21:11:21	a49502a4-2494-4645-be22-73a21e39b6f1	POST	/users	undefined
20240921	21:11:23	8692805d-b588-4cde-84ce-0bc967e32110	POST	/users	undefined
20240921	21:11:30	33a4a9dd-082b-48c9-9eed-2f064c9a7437	POST	/users	undefined
20240921	21:11:34	870df4bb-4bd0-4191-a046-c16f2787def6	GET	/users	undefined
20240921	21:11:54	4e49ec8d-c6d8-49b2-8966-35e0f47abc62	DELETE	/users	undefined
20240921	21:12:04	26ba8f00-9d1e-4da3-9c95-8966d9128d1c	GET	/users	undefined
20240921	21:14:26	be6c5948-4ced-4993-add8-091da1403fa4	DELETE	/users	undefined
20240921	21:14:31	c26ed775-c1c5-4d03-97e6-d0aa69f5e70e	GET	/users	undefined
20240921	21:14:36	e50f1656-9c82-4fa0-b8e7-27414135bcac	POST	/users	undefined
20240921	21:14:44	29b4ac3b-7d5f-418c-98bf-ca7e02cf6512	POST	/users	undefined
20240921	21:14:49	07766c0f-ce09-4516-b8f4-b56846e86dbd	GET	/users	undefined
20240921	21:15:14	faf478a5-1391-4716-af96-6bc1cdfcf1be	DELETE	/users	undefined
20240921	21:15:24	07fcfb3e-dee2-480b-93bd-2999807aaad4	DELETE	/users	undefined
20240921	21:26:31	7a76ef59-a170-4f63-9502-393f1f2affc1	GET	/notes	undefined
20240921	21:27:53	225fcd76-24fa-47f6-a16f-efe91608677b	GET	/notes	undefined
20240921	21:28:06	23bc0fe0-5bef-4650-999d-34317b921e4e	GET	/notes	undefined
20240921	21:29:16	b70b5659-2156-4cef-bca4-049522784036	GET	/notes	undefined
20240921	21:30:13	47cc65e8-efe6-4fd2-a66d-ef4b413e032d	GET	/notes	undefined
20240921	21:30:35	01ad8208-c409-4f81-ad31-a4dd51144790	GET	/notes	undefined
20240921	22:47:48	30270443-a55c-45dd-9fa0-9e631514177e	GET	/notes	undefined
20240921	22:48:13	b56b3034-cb55-4b78-9a9f-290255add811	GET	/notes	undefined
20240921	22:49:21	4ba12d60-2b23-4b42-b879-f84046c9cd01	POST	/notes	undefined
20240921	22:50:32	91e9fb2c-a353-4790-a0d4-b64546e708c4	POST	/notes	undefined
20240921	22:52:41	32ec0061-d76f-4382-980b-f735c7d1a922	POST	/notes	undefined
20240921	22:54:06	726c1540-a7be-4a77-a3ca-ad24a50a4c4f	GET	/users	undefined
20240921	22:54:15	571297f3-be19-435f-a7f3-fa33008147e1	POST	/notes	undefined
20240921	22:54:20	46e972ee-b493-4884-8a59-50cf93e29d24	GET	/notes	undefined
20240921	22:55:37	24eb48a0-6642-4bfa-8daa-a6e156848393	PATCH	/notes	undefined
20240921	22:55:57	d691ee6f-3f40-40b2-ac3d-1e45c0316af8	POST	/notes	undefined
20240921	22:56:03	56e7989f-2c43-4eb7-893c-fa93a48ec798	POST	/notes	undefined
20240921	22:57:01	96b5731d-537f-4794-94da-d4a456141eff	GET	/notes	undefined
20240921	22:57:41	20a3c8fe-2804-42b4-a7e9-084b3563d53d	PATCH	/notes	undefined
20240921	22:58:16	cf418695-b884-4b66-a32a-b666fe661f66	PATCH	/notes	undefined
20240921	22:59:02	15ff730f-48fa-4d6a-a315-1f324f838af3	PATCH	/notes	undefined
20240921	23:00:37	b72e397a-692c-4661-b394-d1d24b4f57c0	DELETE	/notes	undefined
20240921	23:01:31	2c4b9a22-3ecf-439c-b2e0-15b465bae6b3	DELETE	/notes	undefined
20240921	23:01:37	38e68568-3765-4e10-b778-119447c8dbd4	GET	/notes	undefined
20240921	23:01:49	5483e9e1-5f1e-45a8-a84f-39e01b7110f4	POST	/notes	undefined
20240921	23:01:56	4194f346-7ec8-4a88-a959-72ff7de75c73	GET	/notes	undefined
20240921	23:02:25	8cb2091e-4a19-4a03-8af0-f8c0c39658b4	DELETE	/notes	undefined
20240921	23:08:11	982f524e-6a44-4d2e-89a0-71385e4ab445	GET	/css/style.css	undefined
20240924	20:10:10	6f9f3657-ddda-41a5-ac8b-1f5f39b9cb6c	GET	/	undefined
20240924	20:10:10	1ab2d364-eb77-4908-aa63-9ffcbf89ce50	GET	/css/style.css	undefined
20240924	20:10:12	8775779d-c091-4998-9265-b301a5958d5e	GET	/favicon.ico	undefined
20240924	20:25:12	3ac51eb3-c191-4b6f-9cf9-d78fb8e62938	GET	/notes	undefined
20240924	20:26:57	3153dea4-e2c6-4e71-b569-6d9a894a03d1	GET	/css/style.css	undefined
20240924	20:27:35	1faebb43-4fcd-4beb-8f2d-bb371d9a9fea	GET	/notes	http://localhost:3000
20240924	20:27:35	a40598ff-d855-48db-89ea-002e854a46b8	GET	/notes	http://localhost:3000
20240924	20:27:47	164c2301-f2ab-4f5e-b4f6-dccc10b7de81	GET	/notes	http://localhost:3000
20240924	20:27:48	2188e7b8-fc0e-4fc1-b768-c2a86e3cb629	GET	/notes	http://localhost:3000
20240924	20:27:51	2414c586-4922-44f6-96cc-7789f320f3ff	GET	/notes	http://localhost:3000
20240924	20:27:51	1fd36607-f31d-41f4-aef9-13b157c57614	GET	/notes	http://localhost:3000
20240924	20:27:52	369ed2a0-f66a-48ff-a962-835eefc5557f	GET	/notes	http://localhost:3000
20240924	20:27:52	a79ebfd9-a151-44c6-9cb6-8c9f800f401f	GET	/notes	http://localhost:3000
20240924	20:27:53	54f05989-d2a1-4871-a6fc-555e396ca619	GET	/notes	http://localhost:3000
20240924	20:27:53	309b910e-c1e1-4104-b660-f4f6121408f5	GET	/notes	http://localhost:3000
20240924	20:27:56	1b176373-1134-4d01-ad1d-62d515a6d57e	GET	/notes	http://localhost:3000
20240924	20:27:57	a7bb17fc-1fb5-4b54-965f-aa1c01a23d17	GET	/notes	http://localhost:3000
20240924	20:29:38	15d42ecd-7164-491e-b8ab-700e6514f41e	GET	/notes	http://localhost:3000
20240924	20:29:38	8696f9a9-d651-4673-9d5c-11622d686fdf	GET	/notes	http://localhost:3000
20240924	20:30:29	f02e66f4-3fed-41b5-9bef-07b4c066a9f1	POST	/notes	undefined
20240924	20:30:36	edb43b52-f574-4d5c-b1cd-e3f2c3cab8ff	POST	/notes	undefined
20240924	20:30:40	8212d7b7-26c7-42fc-a036-ed6f3065e615	GET	/notes	http://localhost:3000
20240924	20:30:40	8abbb880-1288-4744-b87e-f48d1d278621	GET	/notes	http://localhost:3000
20240924	20:31:21	0af0deac-7971-45d2-84e4-68f48648260b	GET	/notes	undefined
20240924	20:33:06	becd8a87-2688-47af-8a7e-e42be83f3830	GET	/notes	http://localhost:3000
20240924	20:33:07	c266ecd7-63a6-4c7b-ac22-2effc7a7ad24	GET	/notes	http://localhost:3000
20240924	21:22:57	70b6bddc-e162-4d7d-acef-5f11e56b8539	GET	/notes	http://localhost:3000
20240924	21:22:57	f37d8b24-acae-4258-b7a8-ef02e40f972e	GET	/notes	http://localhost:3000
20240924	21:25:10	1d54566a-3417-47f2-baa2-ff6d3040d8dd	GET	/css/style.css	undefined
20240927	21:22:22	c70d8e0e-7cfd-41ae-9cf9-a919e9f57b36	GET	/users	undefined
20240927	21:26:23	0e4815f1-debf-4375-b7fe-9bdbbe220c26	OPTIONS	/notes	https://sdk-mern.netlify.app
20240927	21:26:23	7ed07e00-d022-4c8d-8d6d-6c43daa92c85	GET	/notes	https://sdk-mern.netlify.app
20240927	21:36:32	6ea42b24-1201-4340-a372-e0234f50ad8e	OPTIONS	/notes	https://sdk-mern.netlify.app
20240927	21:36:32	7c9b49d6-875b-4aad-aff5-aa9812651ca1	GET	/notes	https://sdk-mern.netlify.app
20240927	21:36:35	f9564de9-159d-409c-ac3e-37e4760b3e94	OPTIONS	/notes	https://sdk-mern.netlify.app
20240927	21:36:35	c6c11f0b-2bf6-4596-a352-be7ee795cfc7	GET	/notes	https://sdk-mern.netlify.app
20240927	21:37:56	6da18e70-c3ad-4612-8cb2-a4d8e62eaeb4	OPTIONS	/notes	https://sdk-mern.netlify.app
20240927	21:37:56	b7924583-2e31-4653-9ba1-9a72b1562e8d	GET	/notes	https://sdk-mern.netlify.app
20240927	21:40:34	2b7f8410-b670-4ec1-ba60-a0d3932d5d7c	OPTIONS	/notes	https://66f6d8b2a744c2944793636e--sdk-mern.netlify.app
20240927	21:40:34	4a0249d1-9be1-44a4-bf9e-6dea2d436ed1	GET	/notes	https://66f6d8b2a744c2944793636e--sdk-mern.netlify.app
20240927	21:40:44	0fe96f08-8505-4cd3-a8e5-e540d976136e	OPTIONS	/notes	https://sdk-mern.netlify.app
20240927	21:40:44	919c6cda-1571-423a-bba8-1ba6df6a5e15	GET	/notes	https://sdk-mern.netlify.app
20240927	21:40:47	cef682cc-7c68-46ac-b589-1ce5fb9aa4da	OPTIONS	/notes	https://sdk-mern.netlify.app
20240927	21:40:47	4b6ac75f-ca07-4e23-9036-aa38613b671d	GET	/notes	https://sdk-mern.netlify.app
20240927	21:40:48	2c4daa7b-fe92-40e5-86b3-cde39535be09	OPTIONS	/notes	https://sdk-mern.netlify.app
20240927	21:40:48	b698409f-aba5-4f17-8385-9bd81499a818	GET	/notes	https://sdk-mern.netlify.app
20240927	21:40:49	44f37b51-b8a7-4c69-8eed-11dbb6443f50	OPTIONS	/notes	https://sdk-mern.netlify.app
20240927	21:40:49	2e12ad07-6a50-4ee4-8103-6eeff155f44a	GET	/notes	https://sdk-mern.netlify.app
20240927	21:40:49	f8973f58-2dae-4850-b320-04538524bd53	OPTIONS	/notes	https://sdk-mern.netlify.app
20240927	21:40:49	7b320d1b-b0c0-439d-b3db-51d13f4ac8ab	GET	/notes	https://sdk-mern.netlify.app
20240927	21:40:50	f924db40-a52c-4c16-b064-24791c1b2107	OPTIONS	/notes	https://sdk-mern.netlify.app
20240927	21:40:50	7c21f5a7-6626-44a7-addb-b4c47c0e27f4	GET	/notes	https://sdk-mern.netlify.app
20240927	21:40:50	fedf8cff-08ca-4151-a780-002fa1c48788	OPTIONS	/notes	https://sdk-mern.netlify.app
20240927	21:40:50	9b7caf4f-3e63-4257-98af-e412aac66872	GET	/notes	https://sdk-mern.netlify.app
20240927	21:40:51	22c6f95c-c4b8-4445-9954-7a96b4e585be	OPTIONS	/notes	https://sdk-mern.netlify.app
20240927	21:40:51	3dfcd712-ff12-4bb4-82f6-d810e9b3aa66	GET	/notes	https://sdk-mern.netlify.app
20240927	21:40:51	62b18066-cfa1-4f11-8560-41ce5a2b34b8	OPTIONS	/notes	https://sdk-mern.netlify.app
20240927	21:40:51	10784a82-baed-43f3-b196-796409b37f8c	GET	/notes	https://sdk-mern.netlify.app
20240927	21:40:51	54b3ff00-5d76-471e-910b-7cc3cff0eb5d	OPTIONS	/notes	https://sdk-mern.netlify.app
20240927	21:40:51	3d5d0e1f-eba2-4df0-84bf-9009a0205544	GET	/notes	https://sdk-mern.netlify.app
20240927	21:43:33	b8939ecd-afa8-43cd-8c6a-8817a7a18459	OPTIONS	/notes	https://sdk-mern.netlify.app
20240927	21:43:33	f49c0a42-8449-4e90-9cda-a3824bbb2bba	GET	/notes	https://sdk-mern.netlify.app
20240927	21:43:35	eac9d0c2-9859-49e4-a922-a0a2a353c94d	OPTIONS	/notes	https://sdk-mern.netlify.app
20240927	21:43:35	53f19976-f95e-4905-b52a-785c9dfa1e63	GET	/notes	https://sdk-mern.netlify.app
20240927	22:17:22	c8f32f4c-6250-47be-93a9-4dae4c2e8521	GET	/	undefined
20240927	22:17:22	65caaa16-9663-472e-b366-b8cfe5f1a09c	GET	/css/style.css	undefined
20240927	22:17:23	d6f57fcc-f661-4750-87dc-a9a178ce527c	GET	/favicon.ico	undefined
20241007	21:03:32	1439a1da-3e01-43f1-8ca5-a28e0d8fd3ef	GET	/notes	http://localhost:3000
20241007	21:03:33	215026bf-85ed-4f96-bf0d-b251218afea4	GET	/notes	http://localhost:3000
20241007	21:18:46	e4b37b28-516d-411f-8705-426a782d4f35	GET	/users	undefined
20241007	21:19:18	ce5a4191-9d8b-4fcf-b834-0ebc3753f6a3	POST	/users	undefined
20241007	21:45:22	6e5d0253-5ada-48ce-9a8d-25e4da2b32a6	POST	/login	undefined
20241007	21:47:00	befeae28-61e5-4851-a737-f7155ebc9d1a	POST	/login	undefined
20241007	23:10:51	ab1a4bcd-ec0d-4508-a9d0-4ae6f3f252f3	POST	/login	undefined
20241007	23:11:28	d4443bea-07ea-4ce6-8a18-ab4f21ff7c8f	POST	/login	undefined
20241007	23:11:30	b3a0232d-7558-4900-b49f-37fd2dca2e33	POST	/login	undefined
20241007	23:12:40	9bfa2353-8d0b-4fa0-9339-35e8b5aaa400	POST	/login	undefined
20241007	23:12:57	ce23b544-fe3d-4e41-8e7a-46c71b6d1559	GET	/	undefined
20241007	23:12:57	c5d52e75-5ede-4d39-b702-d8b37e1c0d20	GET	/css/style.css	undefined
20241007	23:12:59	364cb027-beb6-432d-a7c9-725d1aa5a5eb	GET	/favicon.ico	undefined
20241007	23:15:57	d8c426e1-4d25-4efc-8877-7e1205ba7eda	POST	/login	undefined
20241007	23:17:29	ba8c6b75-f513-466d-9fb0-441fde06e89c	POST	/login	undefined
20241007	23:20:01	d383135c-901e-400b-b28b-7ad2a6ab3bbd	POST	/login	undefined
20241007	23:22:04	5f5d62aa-53de-4a43-9dda-2a3fe4c01b37	POST	/login	undefined
20241007	23:22:28	a3d2d533-47dd-4c47-9e99-d7a991e4f7a6	POST	/login	undefined
20241007	23:29:08	be8c2afc-a99e-4dbc-bf9d-c13317fe4cf6	POST	/login	undefined
20241007	23:30:26	d3f4e0de-981d-4a39-ae7e-cf5c6b90cc86	POST	/login	undefined
20241007	23:31:30	ba3a033d-e297-49d8-8b31-310c125f1458	POST	/login	undefined
20241007	23:32:26	4d0b00a7-32b1-4319-b8d0-f03764499782	POST	/login	undefined
20241007	23:32:57	c55ae3f7-6194-4d77-ae8e-b79a59e76519	POST	/login	undefined
20241007	23:33:01	a17719c7-faae-4424-bb0f-035a196b0c91	POST	/login	undefined
20241007	23:33:22	2ad4b3cd-8144-45b4-b54b-bdf5e70bc07d	POST	/login	undefined
20241007	23:33:25	7d6de88e-f43d-4301-95da-fc7be260cff7	POST	/login	undefined
20241007	23:34:59	e4910bcc-00bd-41f1-88d5-8a6ce2205f09	POST	/login	undefined
20241007	23:35:11	d8539c7b-4046-45a2-8bee-7c36199e8d03	POST	/login	undefined
20241007	23:35:31	d4b6b68d-2ee0-4f13-845a-3952bca6a657	POST	/login	undefined
20241007	23:40:05	bb612852-4f08-4c4b-855b-bc0c256567b5	GET	/css/style.css	undefined
20241007	23:40:26	f4302472-6a3c-4e3e-b118-b83163de48d1	OPTIONS	/login	http://localhost:3000
20241007	23:40:26	0a9dc38c-37c0-4171-b083-959f796a7218	POST	/login	http://localhost:3000
20241007	23:48:42	64c6ceec-0655-4626-87cd-63c999175cc1	OPTIONS	/login	http://localhost:3000
20241007	23:48:42	6ec96c07-b63e-47f6-b01d-2147d857456a	POST	/login	http://localhost:3000
20241008	20:44:47	d9f85a50-3149-444c-9fec-923a42d5bc8c	OPTIONS	/login	http://localhost:3000
20241008	20:44:48	19d387ea-ffc6-45c2-a2df-1b61d3504fac	POST	/login	http://localhost:3000
20241008	21:16:40	4b237cbd-e0de-4f2c-8bdf-00dfa5fceeb1	POST	/users	undefined
20241008	21:16:47	985b0ae2-65b4-4e2b-b2f5-82cebea70b67	POST	/users	undefined
20241008	21:17:08	e5aa1ee1-97c5-4db6-b47e-f764decdab83	POST	/users	undefined
20241008	21:17:22	2cf00d66-ed73-488d-800a-96cbfc9e4b89	POST	/users	undefined
20241008	21:17:45	a9d15d1e-dc89-41d4-b5fd-47b41c625a23	POST	/users	undefined
20241008	21:17:54	8c4d1905-2562-4838-a4ca-24c3b341c6ce	POST	/users	undefined
20241008	21:21:55	e71ab5c5-a158-418c-b138-a6a52e60044b	OPTIONS	/users	http://localhost:3000
20241008	21:21:55	f732d0eb-fd2d-457d-bdba-648c60aad9f9	POST	/users	http://localhost:3000
20241008	21:23:06	890098ec-b8c5-44ab-b935-6100cbd767df	OPTIONS	/login	http://localhost:3000
20241008	21:23:06	4686dec4-4447-4d89-b452-3b348f199899	POST	/login	http://localhost:3000
20241008	21:27:02	b23d981e-ed45-49b4-9faf-e1523dcdb78b	OPTIONS	/login	http://localhost:3000
20241008	21:27:02	bdf65ae7-b594-458f-8595-4c4b580d107a	POST	/login	http://localhost:3000
20241113	22:55:27	1a17ae95-2142-44a3-99cc-8ead55ab01f5	OPTIONS	/login	https://sdk-mern.netlify.app
20241113	22:55:27	62f0fe52-f7af-4180-a462-0a3bc590eb60	POST	/login	https://sdk-mern.netlify.app
20241113	22:55:28	11356372-7291-43b3-9031-cb3daca58d41	OPTIONS	/users	https://sdk-mern.netlify.app
20241113	22:55:28	f0ba5944-9c0d-43fd-bf1f-fed44da6e282	GET	/users	https://sdk-mern.netlify.app
20241113	22:55:34	73ebb415-eb95-489c-8f62-9cc1fe72e6f6	OPTIONS	/users	https://sdk-mern.netlify.app
20241113	22:55:34	e1ba3301-1590-4229-9492-df2ec2033657	GET	/users	https://sdk-mern.netlify.app
20241114	21:33:00	753e4937-9054-43b8-8b40-c5ca9cdb0dee	GET	/users	http://localhost:3000
20241114	21:33:00	1ed58331-3211-4872-8daa-5fa34ce6aa2d	GET	/users	http://localhost:3000
20241120	20:51:19	aa356674-d015-4452-b3e8-7b0801e627b4	GET	/users	http://localhost:3000
20241120	20:51:19	5419619d-8bfc-4f1d-b1c3-7e1199fc3c62	GET	/users	http://localhost:3000
20241120	21:04:35	717f0aba-a308-4982-99f1-0514577dd3fc	POST	/getUser	undefined
20241120	21:07:48	b96cd969-18ca-4ee9-8a72-07249de6c72f	GET	/users	http://localhost:3000
20241120	21:07:48	845a13ca-64bf-4218-a112-ffd74f01f5e4	GET	/users	http://localhost:3000
20241120	21:07:59	f5ae1771-21ff-430b-978b-4eb4304b2c70	POST	/getUser	undefined
20241120	21:08:48	cdb1c129-912e-4c92-94fc-a8f997d9c40d	POST	/getUser	undefined
20241120	21:08:52	49ddf0d2-cbda-4a21-9eb3-4518b0ebec2c	POST	/getUser	undefined
20241120	21:09:34	98989822-343a-452e-8c97-c30edcad8712	GET	/users	http://localhost:3000
20241120	21:09:34	2e3bdd46-343e-4725-be0b-2ec0e0e71834	GET	/users	http://localhost:3000
20241120	21:09:51	4a511140-eb5e-4fc8-8253-0892f9cd7441	POST	/getUser	undefined
20241120	21:09:52	c39c89de-b7c2-4c5f-9176-772802d94ada	POST	/getUser	undefined
20241120	21:11:30	b73bfd4f-ef8c-4761-b5eb-7810f44d9725	POST	/getUser	undefined
20241120	21:12:28	36655a75-d658-45f3-a1c8-ab42ae15d159	POST	/getUser	undefined
20241120	21:14:09	dc4585db-a3fd-4b62-8ba1-6f8933d7263e	POST	/users/getUser	undefined
20241120	21:14:33	bc777f0a-bbdd-45d1-a66d-7e240696fac8	POST	/users/getUser	undefined
20241120	21:15:50	1ed190f0-adb4-4c70-8da8-3c9363b8bbf2	POST	/users/getUser	undefined
20241120	21:34:52	cc43c126-cd23-44e5-9f11-7cc6f49c5f35	POST	/users/getUser	undefined
20241120	21:35:41	5cc2df64-6223-4d02-9337-b3f335d5b2b7	POST	/users/getUser	undefined
20241120	21:41:47	b861a3df-5a52-4a1a-890f-3902b4155871	GET	/users	http://localhost:3000
20241120	21:41:51	ca992ad4-b463-42a9-a6ae-00547f00bf2a	OPTIONS	/users	http://localhost:3000
20241120	21:41:51	b4312ca0-2888-48f4-9295-1167a3ae455c	POST	/users	http://localhost:3000
20241120	21:42:12	c8e7295c-3e5e-4a01-ad54-cce09fe6676e	GET	/users	http://localhost:3000
20241120	21:42:15	205a38d7-cbd1-4516-bd54-f5e1f1983a8b	OPTIONS	/users/getUser	http://localhost:3000
20241120	21:42:15	5cae00fc-fc4b-4308-8ca0-73a3af714901	POST	/users/getUser	http://localhost:3000
20241120	21:42:26	1f27f5e4-37f9-4e82-9d94-9e04611c4c1f	GET	/users	http://localhost:3000
20241120	21:42:26	f9f3cc6f-8e18-4ab5-b862-a59a1319b0c9	GET	/users	http://localhost:3000
20241120	21:42:31	b006fe24-2bed-4168-a71b-5eaa3468c4a2	OPTIONS	/users/getUser	http://localhost:3000
20241120	21:42:31	06d013f1-8889-4889-88bd-6e457f8a8e31	POST	/users/getUser	http://localhost:3000
20241120	21:43:01	ae48d0a6-e9b7-41e1-b85e-9f93c29fa4b9	GET	/users	http://localhost:3000
20241120	21:44:22	674d027b-210c-4508-b853-da2542a16ba9	GET	/users	http://localhost:3000
20241120	21:44:25	b94ad658-f2f5-4585-995a-858c6fadb969	OPTIONS	/users/getUser	http://localhost:3000
20241120	21:44:25	656b0636-e9ca-48f7-9912-7c7e66594b27	POST	/users/getUser	http://localhost:3000
20241120	21:45:17	416c3871-d2d2-49b7-8da8-9bb410ba5e45	GET	/users	http://localhost:3000
20241120	21:45:23	208ecc8c-e656-4bc0-83bf-91a5f049e380	OPTIONS	/users/getUser	http://localhost:3000
20241120	21:45:23	23af6822-7c79-477e-ae46-8b15e25b250a	POST	/users/getUser	http://localhost:3000
20241120	21:46:11	1f3932b3-a151-49be-991c-1b20697e09ae	GET	/users	http://localhost:3000
20241120	21:52:47	53570e51-ae00-4615-9baa-b5c547f03a25	GET	/users	http://localhost:3000
20241120	21:52:49	c418e809-07bc-48d0-ad01-31775e8a0d11	OPTIONS	/users/getUser	http://localhost:3000
20241120	21:52:49	ceeb1986-528b-4dc8-affb-e31791f86a95	POST	/users/getUser	http://localhost:3000
20241120	21:52:54	4392222b-296a-4fca-a6f0-24111f443417	OPTIONS	/users/getUser	http://localhost:3000
20241120	21:52:54	4f3a4b9c-930e-444a-880d-47816970d4bd	POST	/users/getUser	http://localhost:3000
20241120	21:53:16	62b44ab8-3669-487d-a6d5-0b5f123b2534	GET	/users	http://localhost:3000
20241120	21:53:18	b48657e1-6db7-4d8d-8f9a-ac15ef53a657	OPTIONS	/users/getUser	http://localhost:3000
20241120	21:53:18	230c40fb-fc1f-4b06-8bbc-be7681cb6ed3	POST	/users/getUser	http://localhost:3000
20241120	21:53:47	c99253a4-bb74-4ad7-9d32-9ff1ceb21c53	GET	/users	http://localhost:3000
20241120	21:53:48	1e85ba33-bd53-41a1-806f-474e11333c9c	OPTIONS	/users/getUser	http://localhost:3000
20241120	21:53:48	0444bb6e-7dcf-4526-91d5-8afc9203ef57	POST	/users/getUser	http://localhost:3000
20241120	21:54:01	77194c5e-d608-47c5-8740-13aa6c942654	GET	/users	http://localhost:3000
20241120	21:54:03	b38a0b56-b348-425f-b9aa-4165086d17c0	OPTIONS	/users/getUser	http://localhost:3000
20241120	21:54:03	3dd299bd-d271-43e2-b8ca-9a1889a1122f	POST	/users/getUser	http://localhost:3000
20241120	22:01:48	a15f3b1e-dd22-4775-83c9-d2b55351ca5a	GET	/users	http://localhost:3000
20241120	22:01:49	b902446d-ecd7-4150-95a7-582d4b5b431a	GET	/users	http://localhost:3000
20241120	22:01:54	b423faea-b705-475c-801b-bbd6f5df2d89	OPTIONS	/users/getUser	http://localhost:3000
20241120	22:01:54	f0b282db-4c79-4fa0-9b8f-665aa17f5b46	POST	/users/getUser	http://localhost:3000
20241120	22:02:00	a272ac77-7b6c-42e4-bd90-4f5d7fa9ec73	OPTIONS	/users/getUser	http://localhost:3000
20241120	22:02:00	07896bb5-9fd5-4927-ba87-3fbeb03c92d9	POST	/users/getUser	http://localhost:3000
20241120	22:02:20	a7ca5276-e7c9-4768-a86a-920d8bfae749	OPTIONS	/users/getUser	http://localhost:3000
20241120	22:02:20	6e247490-e373-4b1a-940c-73434b71dae0	POST	/users/getUser	http://localhost:3000
20241120	22:02:20	cff91378-550b-4eaf-be6f-b2f439308d94	POST	/users/getUser	http://localhost:3000
20241120	22:02:20	0e22bdc0-9123-4b93-a7c3-cd510a841e17	POST	/users/getUser	http://localhost:3000
20241120	22:02:21	c3cfb56e-9317-446b-a177-370e1ff20246	POST	/users/getUser	http://localhost:3000
20241120	22:03:41	c73eca38-299e-4253-892c-8810ac1943ad	OPTIONS	/users/getUser	http://localhost:3000
20241120	22:03:41	d0d80469-6139-4170-b832-197b10a80e28	POST	/users/getUser	http://localhost:3000
20241120	22:03:41	f7bd3c14-cdf0-4b8e-9b1c-eeebf95a1052	POST	/users/getUser	http://localhost:3000
20241120	22:03:49	fed41fcb-b615-412a-8b33-f15c2ba55356	GET	/users	http://localhost:3000
20241120	22:03:49	1a1b42bf-9bbc-4198-9be0-d95225e3a5b0	GET	/users	http://localhost:3000
20241120	22:03:57	feae8b5e-4aec-4ea0-8e25-8d5027656be7	OPTIONS	/users/getUser	http://localhost:3000
20241120	22:03:57	88d5775d-0276-4b53-906f-1c3a7ee37e3a	POST	/users/getUser	http://localhost:3000
20241120	22:04:58	0ed8493e-9a94-49e0-b337-03ddc557afdd	GET	/users	http://localhost:3000
20241120	22:04:59	ccdb7981-93f9-468e-aeb6-a922d534be0c	OPTIONS	/users/getUser	http://localhost:3000
20241120	22:04:59	99c5201d-31b1-4f37-b0f5-0590196b8d96	POST	/users/getUser	http://localhost:3000
20241120	22:05:00	8bc55f5e-88fe-46c1-9d8c-acc818072788	POST	/users/getUser	http://localhost:3000
20241120	22:05:00	8c76005c-bfef-4ead-97cb-741337a8636b	POST	/users/getUser	http://localhost:3000
20241120	22:05:00	8ae97069-e345-4a5e-9383-ac2b684605fa	POST	/users/getUser	http://localhost:3000
20241120	22:05:10	212bf8a7-6cff-4808-973d-dae7feca1dff	OPTIONS	/users/getUser	http://localhost:3000
20241120	22:05:10	97b33236-86b7-410e-9919-1f5a097fbd5f	POST	/users/getUser	http://localhost:3000
20241120	22:05:49	18afc613-aa61-4a1e-ae58-7d04decd4b18	GET	/users	http://localhost:3000
20241120	22:05:49	e18a9ac1-3c74-4700-a5e3-621a8eec1e38	GET	/users	http://localhost:3000
20241120	22:05:53	23a5890f-332d-40fb-abbf-df8c60767327	OPTIONS	/users/getUser	http://localhost:3000
20241120	22:05:53	16918d8c-6ef7-4e88-8b7d-91fafe31eb1f	POST	/users/getUser	http://localhost:3000
20241120	22:05:53	301ab26e-98d6-4a05-9251-f02804d4d6a6	POST	/users/getUser	http://localhost:3000
20241120	22:05:54	596af3fe-79ae-4845-8c9e-99b12537e727	POST	/users/getUser	http://localhost:3000
20241120	22:05:54	9f70005b-df7b-4e5a-a649-73f3837a6383	POST	/users/getUser	http://localhost:3000
20241120	22:05:54	c60f5e30-0355-4bbb-8be9-cb3534c1ddc4	POST	/users/getUser	http://localhost:3000
20241120	22:05:55	f35e1089-b6ef-4b8c-a481-4d2865e5220b	POST	/users/getUser	http://localhost:3000
20241120	22:05:55	b2b0281f-11ed-4ba3-9695-4da483d4e1b3	POST	/users/getUser	http://localhost:3000
20241120	22:08:06	48c1a727-4d34-430f-9e53-4687ed64ccc6	GET	/users	http://localhost:3000
20241120	22:08:11	c2818be5-b6d8-4f96-8aa4-c6695b59bcf3	OPTIONS	/users/getUser	http://localhost:3000
20241120	22:08:11	85eb28dc-c663-4d8b-a488-93e06b36e818	POST	/users/getUser	http://localhost:3000
20241120	22:08:26	05027490-39d1-4487-aad3-9788afe6b6d2	OPTIONS	/users/getUser	http://localhost:3000
20241120	22:08:26	7237acc8-866a-48ec-af5a-3b75224646e1	POST	/users/getUser	http://localhost:3000
20241120	22:08:56	52db550f-2172-4383-87ef-c802b08a3ced	GET	/users	http://localhost:3000
20241120	22:10:22	7af1828e-adc1-4a9b-b18d-8740c18d70f9	GET	/users	http://localhost:3000
20241120	22:10:22	7cba3f59-b28b-425d-a33e-9bc07340f0a4	OPTIONS	/users/getUser	http://localhost:3000
20241120	22:10:22	acfd418c-5f67-40f2-a47f-cdb748c54c9a	POST	/users/getUser	http://localhost:3000
20241120	22:12:04	a85010e5-edbe-4fa5-802c-c5339be6aff7	GET	/users	http://localhost:3000
20241120	22:14:43	880a52ef-34bd-433c-b61d-f2b6ff74a38b	OPTIONS	/users/getUser	http://localhost:3000
20241120	22:14:43	4a595e1e-99b3-4b51-8df6-9f748280ebfd	POST	/users/getUser	http://localhost:3000
20241120	22:15:09	002ef911-8497-4af5-afb4-0f25d42974f9	GET	/users	http://localhost:3000
20241120	22:15:15	83aaa634-dea8-4a87-860c-535b88c80c17	OPTIONS	/users/getUser	http://localhost:3000
20241120	22:15:15	75c6d6bd-6051-46c5-96f2-9cfa7b68724d	POST	/users/getUser	http://localhost:3000
20241120	22:15:32	b6eccecb-357e-42bd-9743-cf62bf793186	GET	/users	http://localhost:3000
20241120	22:15:44	8868507a-bc02-49cb-8a90-8fc731ff2e50	GET	/users	http://localhost:3000
20241120	22:15:48	f1609ba4-9c8e-4296-be80-75d8625efe67	GET	/users	http://localhost:3000
20241120	22:15:59	6251f34e-416f-4dc1-91f4-de78fadb3995	GET	/users	http://localhost:3000
20241120	22:16:09	f736d010-27a0-40be-a016-7c7a17bdadef	OPTIONS	/users/getUser	http://localhost:3000
20241120	22:16:09	ef84eea3-ced3-4884-b436-77e19b22b014	POST	/users/getUser	http://localhost:3000
20241120	22:16:23	1f85585c-76cb-4dbd-aa40-aed03f2d9ffa	GET	/users	http://localhost:3000
20241120	22:23:09	97e99212-dc94-4b6d-ae05-ae81df9dae27	GET	/users	http://localhost:3000
20241120	22:23:09	8794b346-1574-42d3-a46c-3a0d61d4dd89	GET	/users	http://localhost:3000
20241120	22:23:11	9adae701-94b0-498d-8cd7-43c160e5396d	OPTIONS	/users/getUser	http://localhost:3000
20241120	22:23:11	66e2f3fa-e480-42ae-b24f-5da8e6f729a1	POST	/users/getUser	http://localhost:3000
20241120	22:23:15	36f7d862-3e46-41cb-9fcb-ff9a340d3316	POST	/users/getUser	http://localhost:3000
20241120	22:23:19	145169d6-fa5d-4c3c-8aca-56a471710f32	OPTIONS	/users/getUser	http://localhost:3000
20241120	22:23:19	f1e52caa-1b64-4a55-9810-93f8545e3992	POST	/users/getUser	http://localhost:3000
20241121	20:01:00	161d6710-35de-4621-84b4-eefc4449fd87	GET	/users	http://localhost:3000
20241121	20:01:01	2496381a-1401-434a-9892-707c6d973f79	GET	/users	http://localhost:3000
20241121	20:02:23	14fa2c32-5068-411d-8c04-486943c4ad4d	POST	/users/getUser	undefined
20241121	20:02:41	44b5f187-1789-4227-a613-15af48ff1517	OPTIONS	/users/getUser	http://localhost:3000
20241121	20:02:41	a5d55954-dee1-4874-8497-c9ab26376f90	POST	/users/getUser	http://localhost:3000
20241121	20:03:22	6d0524ea-935a-45aa-9d29-323d6311ada1	GET	/users	http://localhost:3000
20241121	20:03:28	68573268-cb1d-4961-92db-3e15ebbc741c	GET	/users	http://localhost:3000
20241121	20:06:01	51d16ade-dd36-44a9-a7af-03162748ae72	GET	/users	http://localhost:3000
20241121	20:06:31	5e68d75c-78eb-4fdd-8b33-ed2ab8f5bd23	GET	/users	http://localhost:3000
20241121	20:06:57	c335a4bb-1f56-4679-b256-4c0ff600fb25	GET	/users	http://localhost:3000
20241121	20:07:12	95afeaef-40df-438d-886d-f93a93fddf04	GET	/users	http://localhost:3000
20241121	20:07:15	2988cbdb-2b60-4815-b919-31e894105435	OPTIONS	/users/getUser	http://localhost:3000
20241121	20:07:15	937ee7de-8df6-44ab-b445-8db450b24ad6	POST	/users/getUser	http://localhost:3000
20241121	20:09:38	6977bb11-396d-4357-8a75-dcb3daa34e64	GET	/users	http://localhost:3000
20241121	20:10:01	d9007d30-c055-468a-9835-124f8b2b8b9c	GET	/users	http://localhost:3000
20241121	20:10:26	7e8fffbe-2b70-47b5-9706-730a46b506ea	OPTIONS	/users	http://localhost:3000
20241121	20:10:26	2b00a4e2-f0a1-4e06-884a-22a4bac2f217	PATCH	/users	http://localhost:3000
20241121	20:12:01	f8897e5a-0ca6-4d6b-8f96-20ad24fc49a9	OPTIONS	/users	http://localhost:3000
20241121	20:12:01	5ca2c66a-0ac0-4839-b927-972e2b814241	PATCH	/users	http://localhost:3000
20241121	20:12:46	a737ccb2-260d-4de7-b680-2d4c0b4155e9	GET	/users	http://localhost:3000
20241121	20:12:48	c503c9b6-79b5-4c6d-bc91-3c7f7369ad3a	OPTIONS	/users	http://localhost:3000
20241121	20:12:48	e6a08dd1-71fa-4ea9-b2dc-1e59de04f2ff	PATCH	/users	http://localhost:3000
20241121	20:13:11	622aa4e9-c77b-4ea0-a06b-6d46d9b2c001	OPTIONS	/users	http://localhost:3000
20241121	20:13:11	83a4b174-532a-4e71-932a-1e052035a33d	PATCH	/users	http://localhost:3000
20241121	20:13:14	69d5c0cc-3093-4da3-92f5-a3f48a744ca8	PATCH	/users	http://localhost:3000
20241121	20:13:17	0b8f6889-6e9f-44d8-afcb-72769c75b14c	OPTIONS	/users	http://localhost:3000
20241121	20:13:17	9aad58de-c891-4515-90f2-ac379f8db741	PATCH	/users	http://localhost:3000
20241121	20:13:23	1b4bc95b-788b-47ad-ab07-90e74e844b0a	OPTIONS	/users	http://localhost:3000
20241121	20:13:23	0e6e21e5-4ada-4bc5-99d6-af3604dee0ca	PATCH	/users	http://localhost:3000
20241121	20:18:37	129cfc04-4641-4bee-a713-1507df39b751	GET	/users	http://localhost:3000
20241121	20:18:37	6cd14753-be62-4702-b072-88fd894bd24c	GET	/users	http://localhost:3000
20241121	20:18:41	56ac8d8d-3ee4-4151-b465-55fd29802ccd	OPTIONS	/users/getUser	http://localhost:3000
20241121	20:18:41	ba569c88-3b3f-491c-9042-efa4a7401931	POST	/users/getUser	http://localhost:3000
20241121	20:18:44	232fb167-2db1-42f4-9037-77a222cf011a	OPTIONS	/users	http://localhost:3000
20241121	20:18:44	b049530b-3ef1-4f45-8bd5-074a1b299daa	PATCH	/users	http://localhost:3000
20241121	20:18:56	686a8031-6912-401b-a442-65ba6a3c16dd	OPTIONS	/users	http://localhost:3000
20241121	20:18:56	8667549a-eb62-4175-b419-8f69ab01e679	PATCH	/users	http://localhost:3000
20241121	20:25:17	686e4f71-fad5-4fe3-b244-90c7ec659047	GET	/users	http://localhost:3000
20241121	20:25:17	242584ae-753a-4e03-8760-e880b8acb665	GET	/users	http://localhost:3000
20241121	20:25:20	7c08a046-31b0-4fb6-bc59-6b23979e750c	OPTIONS	/users/getUser	http://localhost:3000
20241121	20:25:20	85e4b8e1-8a42-427c-884f-d6e69080e77e	POST	/users/getUser	http://localhost:3000
20241121	20:25:22	4cd28d30-ad30-4a8e-a93d-4e8510f47d51	OPTIONS	/users	http://localhost:3000
20241121	20:25:22	cb6355eb-0124-4388-bd6f-3ec1de99e301	PATCH	/users	http://localhost:3000
20241121	20:26:08	cc132dd3-8b1b-43f6-9119-24c3e538085e	OPTIONS	/users	http://localhost:3000
20241121	20:26:08	e29cb16f-ac37-4e81-b822-fe50990d4546	PATCH	/users	http://localhost:3000
20241121	20:53:42	62b2650c-c9d0-430f-bc85-f7ff07a5e314	GET	/users	http://localhost:3000
20241121	20:53:43	f87e9385-a85d-4ae6-a00e-7098756acfb8	GET	/users	http://localhost:3000
20241121	20:53:43	9dad5455-13ce-475f-b4cf-4d5572be62be	GET	/users	http://localhost:3000
20241121	20:57:26	6d0e3855-27a3-41d3-a37e-52706b77cadb	GET	/users	http://localhost:3000
20241121	20:57:27	ead1ebac-132a-44ba-a141-5859a13173f1	GET	/users	http://localhost:3000
20241121	20:57:48	5d61f8c1-54a9-4a52-963b-01aa72d58846	GET	/users	http://localhost:3000
20241121	20:57:53	09a6d520-54a1-4c10-bccf-fe18383b79a4	OPTIONS	/users/getUser	http://localhost:3000
20241121	20:57:53	5bc7515a-a703-437a-b51b-687763fe16e4	POST	/users/getUser	http://localhost:3000
20241121	20:57:55	4119bcd1-f382-4be5-9eaa-c43df32f8b23	OPTIONS	/users	http://localhost:3000
20241121	20:57:55	804c202f-22fe-4390-9f9e-484fefffbfc6	PATCH	/users	http://localhost:3000
20241121	21:02:57	395dade5-52ce-4c29-8fe8-86522498bb50	GET	/users	http://localhost:3000
20241121	21:02:57	ad360a36-6830-4671-b8ec-00b7d0e849a2	GET	/users	http://localhost:3000
20241121	21:03:06	05e4964c-016c-4fbe-b7c9-8dee04becff8	OPTIONS	/users/getUser	http://localhost:3000
20241121	21:03:06	5811b85e-79d6-40c0-83dd-d26c40809b07	POST	/users/getUser	http://localhost:3000
20241121	21:03:08	89d54d85-985d-452d-94cb-dc14ba7bad2f	OPTIONS	/users	http://localhost:3000
20241121	21:03:08	e3522da5-c8b6-4490-8c39-f556499b0853	PATCH	/users	http://localhost:3000
20241121	21:05:46	2160d933-1a4b-4c23-92bc-130a0122c01e	GET	/users	http://localhost:3000
20241121	21:05:46	d98310fc-aa06-4ec0-95f5-b77959032742	GET	/users	http://localhost:3000
20241121	21:08:32	69ffdd60-14ab-4e88-81a2-d234108faba2	GET	/users	http://localhost:3000
20241121	21:08:36	72155529-f889-4823-a467-56401e711f5e	OPTIONS	/users/getUser	http://localhost:3000
20241121	21:08:36	31a3a765-a0d5-461e-8319-dde9600f4f6f	POST	/users/getUser	http://localhost:3000
20241121	21:08:38	c53cea86-04b8-4d02-9979-194e81764783	OPTIONS	/users	http://localhost:3000
20241121	21:08:39	e5fe7aec-e510-4db7-9173-8085ba26c750	PATCH	/users	http://localhost:3000
20241121	21:12:26	45c3c699-4c7e-43ba-8a86-ce12587a2e5e	GET	/users	http://localhost:3000
20241121	21:12:35	dcb77fea-7579-43b4-bad8-91be59dd6145	GET	/users	http://localhost:3000
20241121	21:13:30	5b505756-505a-4235-93b0-28b3d493a35f	GET	/users	http://localhost:3000
20241121	21:15:10	b19a3aff-fd35-434b-84fb-adf7d2ee949b	GET	/users	http://localhost:3000
20241121	21:16:12	f888c1dd-3233-4484-b703-fbb0921838f3	GET	/users	http://localhost:3000
20241121	21:16:12	83bfc779-0ebf-4e43-bca1-951a84beb8bc	GET	/users	http://localhost:3000
20241121	21:17:10	8d2dfdeb-88a1-46d6-b8b8-2962999a48a6	OPTIONS	/users/getUser	http://localhost:3000
20241121	21:17:10	dcb2b044-f817-4207-b46f-069d378c5a4d	POST	/users/getUser	http://localhost:3000
20241121	21:17:11	2cd6f083-192f-485e-a548-cb3d02f2769e	OPTIONS	/users	http://localhost:3000
20241121	21:17:11	d57a1940-9ef9-4b57-a50b-f89f16646477	PATCH	/users	http://localhost:3000
20241121	21:17:16	c0659850-2aee-46aa-935c-522711586ad5	GET	/users	http://localhost:3000
20241121	21:17:16	a938e56b-605a-4cc5-8bab-f50cfd9c2bc5	GET	/users	http://localhost:3000
20241121	21:17:18	f2d51aba-6bcd-4b0e-b3ac-5e85cb0c7a55	OPTIONS	/users/getUser	http://localhost:3000
20241121	21:17:18	6756be89-6ac8-4860-a6bc-1af9608f5b58	POST	/users/getUser	http://localhost:3000
20241121	21:17:22	6632d669-1799-4dbc-9aa7-d95806cceb4e	OPTIONS	/users	http://localhost:3000
20241121	21:17:22	f9707356-25a9-4d25-9e9f-535dd80487bf	PATCH	/users	http://localhost:3000
20241121	21:17:25	4f54fb02-536e-47c8-b549-83bf52c052ad	GET	/users	http://localhost:3000
20241121	21:17:25	378c3be9-1299-4ed4-8249-cf62058b9b78	GET	/users	http://localhost:3000
20241121	21:18:08	ed939611-990c-4674-b433-efee655ead7e	OPTIONS	/users/getUser	http://localhost:3000
20241121	21:18:08	6f247e45-929b-425a-bbb4-947db9e74ab4	POST	/users/getUser	http://localhost:3000
20241121	21:18:13	be07f66b-8165-4713-8b6a-2f61de98b3dc	OPTIONS	/users	http://localhost:3000
20241121	21:18:13	ec6f6ae5-b3b3-41f8-9481-bf62469bb92f	PATCH	/users	http://localhost:3000
20241121	21:18:42	ddfb436e-5e35-4fe3-a686-d8a420fdeb49	GET	/users	http://localhost:3000
20241121	21:18:42	1948dd4f-dc6a-4ddf-a41c-ffe8180f89de	GET	/users	http://localhost:3000
20241121	21:18:44	1324d230-e32d-4c4c-af0c-c071c7eeaba9	OPTIONS	/users/getUser	http://localhost:3000
20241121	21:18:44	1c07595f-d45d-4498-b544-deac9c8895b5	POST	/users/getUser	http://localhost:3000
20241121	21:18:47	6c8537ee-f457-42ee-8f18-5308e1193e11	OPTIONS	/users	http://localhost:3000
20241121	21:18:47	109cc03e-0fe2-485e-a46e-d1d14185e042	PATCH	/users	http://localhost:3000
20241121	21:18:50	127b8d3a-7c30-4bd3-a03c-62f69e80c14d	GET	/users	http://localhost:3000
20241121	21:18:50	f240096a-cbd5-4c5e-aed4-f139b0151b06	GET	/users	http://localhost:3000
20241121	21:18:55	5e100020-c7fa-44c0-8f2c-f9eb99204bf9	OPTIONS	/users/getUser	http://localhost:3000
20241121	21:18:55	58cbc144-9685-4773-af02-d18d056f675b	POST	/users/getUser	http://localhost:3000
20241121	21:19:22	321bfd39-73d7-44ff-abf3-b11fd9dbe9cb	GET	/users	http://localhost:3000
20241121	21:19:24	c510e6d9-e1be-4304-aa81-1221a3a019f8	OPTIONS	/users	http://localhost:3000
20241121	21:19:24	2800ae7e-d559-481d-aea5-373fc7bedd91	PATCH	/users	http://localhost:3000
20241121	21:19:26	ea96288a-6043-4577-9d96-fa66951c7d1b	GET	/users	http://localhost:3000
20241121	21:19:26	0d6648ad-902f-4101-9819-f21a58abfd90	GET	/users	http://localhost:3000
20241121	21:19:29	04ed59ba-6ff5-4d5b-b8d2-4d2fa2736bbe	OPTIONS	/users/getUser	http://localhost:3000
20241121	21:19:29	6c74cbb0-c93e-4638-95ac-f53b6e22baa3	POST	/users/getUser	http://localhost:3000
20241121	21:20:58	869d59a9-06df-4de5-9bab-785485220d10	GET	/users	http://localhost:3000
20241121	21:20:58	bc419ef4-b1ca-4615-afdc-65056134e0cc	GET	/users	http://localhost:3000
20241121	21:21:00	beb9242c-5888-4792-a361-b9b98524ed4f	OPTIONS	/users/getUser	http://localhost:3000
20241121	21:21:00	1a3f75e1-1b10-4631-8a33-a0f5c503aaea	POST	/users/getUser	http://localhost:3000
20241121	21:21:33	a20aabd8-84b6-4bdf-93ff-295596d0b14e	GET	/users	http://localhost:3000
20241121	21:21:42	e4f97c10-a608-4983-9ecb-1d9f41c96dbe	OPTIONS	/users	http://localhost:3000
20241121	21:21:42	24e4883c-ce65-459c-9706-7c0ca9adc3fd	PATCH	/users	http://localhost:3000
20241121	21:21:44	c1bc029d-7282-4b3a-b637-1969afc44df2	GET	/users	http://localhost:3000
20241121	21:21:45	c6941928-e281-41b9-a786-d90feca3a8e0	GET	/users	http://localhost:3000
20241121	21:21:48	ca9f9599-d31c-4610-8332-bb589d9e1ad6	OPTIONS	/users/getUser	http://localhost:3000
20241121	21:21:48	a48da7bd-d887-4f61-9286-8483fc3b6e98	POST	/users/getUser	http://localhost:3000
20241121	21:21:53	347af19c-5ae3-4a65-ac99-c73e9e2e29fc	OPTIONS	/users	http://localhost:3000
20241121	21:21:53	13491421-2944-42ed-933b-9eca6a39cbc0	PATCH	/users	http://localhost:3000
20241121	21:21:55	e7719aac-1f11-43d0-a491-90da088031e3	GET	/users	http://localhost:3000
20241121	21:21:55	8568e2dc-3e03-4408-94aa-b9f1007171c8	GET	/users	http://localhost:3000
20241121	21:22:05	a5564da0-8435-4d04-ad05-92b9c07be8dd	GET	/users	http://localhost:3000
20241121	21:22:06	402dcf2e-aa93-4772-b483-f156ed023818	OPTIONS	/users/getUser	http://localhost:3000
20241121	21:22:06	5793793d-6a86-453a-8976-85a368a686bd	POST	/users/getUser	http://localhost:3000
20241121	21:22:16	2d44a33b-bfa7-4e07-ae78-bb5b795f87a1	GET	/users	http://localhost:3000
20241121	21:22:50	e0e9d6ae-002b-4e47-80d7-b206502129f9	OPTIONS	/users	http://localhost:3000
20241121	21:22:50	dfe014c5-624c-41f9-b6c0-4f788cb0b237	PATCH	/users	http://localhost:3000
20241121	21:23:00	658b1a30-b176-4211-9998-912056ec2b1c	GET	/users	http://localhost:3000
20241121	21:23:00	b8e55cf6-e990-4946-985a-c3733d8628aa	GET	/users	http://localhost:3000
20241121	21:23:05	de24a4ce-0f2f-4f80-9686-b5f9baed0f60	OPTIONS	/users/getUser	http://localhost:3000
20241121	21:23:05	9e2fb8a6-600f-4f7c-ad13-d235475bbba2	POST	/users/getUser	http://localhost:3000
20241121	21:23:15	ed1ea9e5-00d2-47b7-95c5-f40ca4256209	OPTIONS	/users	http://localhost:3000
20241121	21:23:15	bb744192-7639-440c-9dec-0f228f87252b	PATCH	/users	http://localhost:3000
20241121	21:23:53	f45324ea-a858-4820-82c6-bcf812536caa	GET	/users	http://localhost:3000
20241121	21:23:57	80b373ff-edc7-40b7-ba8c-54769a959b5d	GET	/users	http://localhost:3000
20241121	21:23:57	7f3a030f-b414-453d-a7a9-2288c539b7c6	GET	/users	http://localhost:3000
20241121	21:23:59	7f6167c0-8ded-45d6-9489-ca3962c331cd	OPTIONS	/users/getUser	http://localhost:3000
20241121	21:23:59	8ea301a5-4a60-43d3-9bfc-f6166ffef33b	POST	/users/getUser	http://localhost:3000
20241121	21:24:02	99f0b337-18d7-45fa-8442-5722bc3a74c0	OPTIONS	/users	http://localhost:3000
20241121	21:24:02	b944a532-1957-4ce7-8ef3-20f38d1b3f38	PATCH	/users	http://localhost:3000
20241121	21:24:08	9bcc4f6a-d088-4162-aac0-a4082fa39b0d	GET	/users	http://localhost:3000
20241121	21:24:08	cc0d53cd-fed1-41f4-80b1-a526d3c15c28	GET	/users	http://localhost:3000
20241121	21:24:10	bc443301-e083-45e4-8833-3318c9c1487c	OPTIONS	/users/getUser	http://localhost:3000
20241121	21:24:10	1d257dce-6ea7-446d-80c3-aadb83f0142e	POST	/users/getUser	http://localhost:3000
20241121	21:24:15	822f3af8-6a42-4d4d-a7b3-358ab1d52678	OPTIONS	/users	http://localhost:3000
20241121	21:24:15	6eb3010b-4033-4a71-9ec8-2cbfdc250fa5	PATCH	/users	http://localhost:3000
20241121	21:24:17	6f65ab86-7a66-49f9-bbe9-520d76fcec2e	GET	/users	http://localhost:3000
20241121	21:24:17	b75248f6-3b3c-40ec-808c-89e1e285e414	GET	/users	http://localhost:3000
20241121	21:24:22	68cebe9e-476c-4f48-929d-67809303fc45	OPTIONS	/users/getUser	http://localhost:3000
20241121	21:24:22	b15a44bf-b9f3-4985-a529-be1f94454b1e	POST	/users/getUser	http://localhost:3000
20241121	21:24:28	dd3871ae-4e8b-496a-9677-557d5f565e46	OPTIONS	/users	http://localhost:3000
20241121	21:24:28	736f7472-8d23-4e02-891b-36a11c2c3b4b	PATCH	/users	http://localhost:3000
20241121	21:24:53	d9d666ac-31ca-4faa-a831-f7f9e17f8407	GET	/users	http://localhost:3000
20241121	21:24:53	1a40fe73-2b46-4c4a-8850-ce3c400d4279	GET	/users	http://localhost:3000
20241121	21:24:55	a4a02106-bec7-4b42-b540-2fb5faa58407	OPTIONS	/users/getUser	http://localhost:3000
20241121	21:24:55	74db42bd-a7af-4c30-92b7-b462bdf387f5	POST	/users/getUser	http://localhost:3000
20241121	21:25:00	277cd499-f40f-41f1-8d5b-b8508aa93e0a	OPTIONS	/users	http://localhost:3000
20241121	21:25:00	f82d41e1-5357-45ef-86ba-f7becc5a6598	PATCH	/users	http://localhost:3000
20241121	21:26:01	fcb38485-88e7-4c04-9f1e-667ae44cb5df	GET	/users	http://localhost:3000
20241121	21:26:01	b48ebc9e-6ff9-4dcf-859b-6965bd4a432d	GET	/users	http://localhost:3000
20241121	21:26:18	44c9401b-df61-4c0b-9e17-876a9f92365f	OPTIONS	/users	http://localhost:3000
20241121	21:26:18	31d8c2dd-fcf6-4b99-9af9-c946c83569f9	DELETE	/users	http://localhost:3000
20241121	21:27:45	2686e5aa-4362-4889-b199-26a1933d12d0	POST	/login	undefined
20241121	21:27:55	b4be766f-7c7d-4a91-b5d0-3e93f855327c	POST	/login	undefined
20241121	21:28:16	b5890dc8-89a3-4c4a-b558-379e4d52f323	POST	/login	undefined
20241121	21:28:40	ea220416-880c-4456-a409-f134835f2d9e	POST	/login	undefined
20241121	21:28:57	23464ef2-9650-4fcf-acc1-dc236980ed91	POST	/login	undefined
